Arguments: 
  /usr/local/bin/node /Users/hiepnn/.yarn/bin/yarn.js

PATH: 
  /Users/hiepnn/.yarn/bin:/Users/hiepnn/.config/yarn/global/node_modules/.bin:/opt/homebrew/bin:/bin:/usr/bin:/usr/local/bin:/Users/hiepnn/Library/Android/sdk/platform-tools:$PATH:/usr/local/git/bin:/Users/hiepnn/npm

Yarn version: 
  1.22.5

Node version: 
  14.17.6

Platform: 
  darwin x64

Trace: 
  Error: unexpected end of file
      at Zlib.zlibOnError [as onerror] (zlib.js:188:17)

npm manifest: 
  {
    "name": "blog",
    "version": "1.0.0",
    "description": "",
    "main": "dist/index.js",
    "scripts": {
      "start": "node dist/index.js",
      "dev": "ts-node-dev server/index.ts",
      "build": "tsc"
    },
    "keywords": [],
    "author": "",
    "license": "ISC",
    "dependencies": {
      "@types/dotenv": "^8.2.0",
      "@types/nodemailer": "^6.4.4",
      "axios": "^0.24.0",
      "bcrypt": "^5.0.1",
      "cookie-parser": "^1.4.5",
      "cors": "^2.8.5",
      "dotenv": "^10.0.0",
      "express": "^4.17.1",
      "google-auth-library": "^7.10.2",
      "jsonwebtoken": "^8.5.1",
      "mongoose": "^6.0.12",
      "morgan": "^1.10.0",
      "nodemailer": "^6.7.0"
    },
    "devDependencies": {
      "@types/bcrypt": "^5.0.0",
      "@types/cookie-parser": "^1.4.2",
      "@types/cors": "^2.8.12",
      "@types/express": "^4.17.13",
      "@types/jsonwebtoken": "^8.5.5",
      "@types/mongoose": "^5.11.97",
      "@types/morgan": "^1.9.3",
      "@types/node": "^16.11.7",
      "ts-node-dev": "^1.1.8",
      "typescript": "^4.4.4"
    }
  }

yarn manifest: 
  No manifest

Lockfile: 
  No lockfile
